[2018-05-31 12:26] [PACMAN] Running 'pacman -Syu --root /tmp/newmsys/msys32'
[2018-05-31 12:26] [PACMAN] synchronizing package lists
[2018-05-31 12:26] [PACMAN] starting core system upgrade
[2018-05-31 12:26] [PACMAN] starting full system upgrade
[2018-05-31 12:26] [PACMAN] Running 'pacman -S --noconfirm --root /tmp/newmsys/msys32 base'
[2018-05-31 12:27] [ALPM] transaction started
[2018-05-31 12:27] [ALPM] installed msys2-runtime (2.10.0-2)
[2018-05-31 12:27] [ALPM] installed bash (4.4.019-3)
[2018-05-31 12:27] [ALPM] installed bash-completion (2.8-1)
[2018-05-31 12:27] [ALPM] installed gcc-libs (7.3.0-1)
[2018-05-31 12:27] [ALPM] installed libbz2 (1.0.6-2)
[2018-05-31 12:27] [ALPM] installed libiconv (1.15-1)
[2018-05-31 12:27] [ALPM] installed libintl (0.19.8.1-1)
[2018-05-31 12:27] [ALPM] installed libgettextpo (0.19.8.1-1)
[2018-05-31 12:27] [ALPM] installed libasprintf (0.19.8.1-1)
[2018-05-31 12:27] [ALPM] installed gettext (0.19.8.1-1)
[2018-05-31 12:27] [ALPM] installed liblzma (5.2.3-1)
[2018-05-31 12:27] [ALPM] installed liblzo2 (2.10-1)
[2018-05-31 12:27] [ALPM] installed gmp (6.1.2-1)
[2018-05-31 12:27] [ALPM] installed libnettle (3.3-1)
[2018-05-31 12:27] [ALPM] installed coreutils (8.26-3)
[2018-05-31 12:27] [ALPM] installed icu (60.2-1)
[2018-05-31 12:27] [ALPM] installed ncurses (6.1.20180526-1)
[2018-05-31 12:27] [ALPM] installed libreadline (7.0.003-2)
[2018-05-31 12:27] [ALPM] installed zlib (1.2.11-1)
[2018-05-31 12:27] [ALPM] installed libxml2 (2.9.7-2)
[2018-05-31 12:27] [ALPM] installed bsdcpio (3.3.2-1)
[2018-05-31 12:27] [ALPM] installed bsdtar (3.3.2-1)
[2018-05-31 12:27] [ALPM] installed bzip2 (1.0.6-2)
[2018-05-31 12:27] [ALPM] installed libopenssl (1.0.2.m-1)
[2018-05-31 12:27] [ALPM] installed openssl (1.0.2.m-1)
[2018-05-31 12:27] [ALPM] installed findutils (4.6.0-1)
[2018-05-31 12:27] [ALPM] installed sed (4.4-2)
[2018-05-31 12:27] [ALPM] installed libffi (3.2.1-1)
[2018-05-31 12:27] [ALPM] installed libpcre (8.40-2)
[2018-05-31 12:27] [ALPM] installed less (529-1)
[2018-05-31 12:27] [ALPM] installed gzip (1.9-1)
[2018-05-31 12:27] [ALPM] installed info (6.3-1)
[2018-05-31 12:27] [ALPM] installed libtasn1 (4.13-1)
[2018-05-31 12:27] [ALPM] installed libgpg-error (1.27-1)
[2018-05-31 12:27] [ALPM] installed libgcrypt (1.8.1-1)
[2018-05-31 12:27] [ALPM] installed libxslt (1.1.32-1)
[2018-05-31 12:27] [ALPM] installed glib2 (2.48.2-1)
[2018-05-31 12:27] [ALPM] installed libp11-kit (0.23.9-1)
[2018-05-31 12:27] [ALPM] installed p11-kit (0.23.9-1)
[2018-05-31 12:27] [ALPM] installed ca-certificates (20170717-2)
[2018-05-31 12:27] [ALPM] installed libdb (5.3.28-2)
[2018-05-31 12:27] [ALPM] installed libcrypt (2.1-1)
[2018-05-31 12:27] [ALPM] installed libedit (3.1-20170329)
[2018-05-31 12:27] [ALPM] installed libsqlite (3.21.0-2)
[2018-05-31 12:27] [ALPM] installed heimdal-libs (1.5.3-9)
[2018-05-31 12:27] [ALPM] installed libunistring (0.9.7-2)
[2018-05-31 12:27] [ALPM] installed libidn2 (2.0.4-2)
[2018-05-31 12:27] [ALPM] installed libexpat (2.2.5-1)
[2018-05-31 12:27] [ALPM] installed libmetalink (0.1.3-2)
[2018-05-31 12:27] [ALPM] installed libnghttp2 (1.30.0-1)
[2018-05-31 12:27] [ALPM] installed libpsl (0.19.1-1)
[2018-05-31 12:27] [ALPM] installed libssh2 (1.8.0-1)
[2018-05-31 12:27] [ALPM] installed libcurl (7.58.0-1)
[2018-05-31 12:27] [ALPM] installed curl (7.58.0-1)
[2018-05-31 12:27] [ALPM] installed filesystem (2018.04-1)
[2018-05-31 12:27] [ALPM] installed grep (3.0-1)
[2018-05-31 12:27] [ALPM] installed dash (0.5.9.1-1)
[2018-05-31 12:27] [ALPM] installed dtc (1.4.4-1)
[2018-05-31 12:27] [ALPM] installed file (5.33-1)
[2018-05-31 12:27] [ALPM] installed m4 (1.4.18-1)
[2018-05-31 12:27] [ALPM] installed flex (2.6.4-1)
[2018-05-31 12:27] [ALPM] installed mpfr (4.0.1-1)
[2018-05-31 12:27] [ALPM] installed gawk (4.2.0-1)
[2018-05-31 12:27] [ALPM] installed libargp (20110921-1)
[2018-05-31 12:27] [ALPM] installed getent (2.18.90-2)
[2018-05-31 12:27] [ALPM] installed tftp-hpa (5.2-2)
[2018-05-31 12:27] [ALPM] installed inetutils (1.9.4-1)
[2018-05-31 12:27] [ALPM] installed lndir (1.0.3-1)
[2018-05-31 12:27] [ALPM] installed mintty (1~2.8.5-1)
[2018-05-31 12:27] [ALPM] installed msys2-keyring (r9.397a52e-1)
[2018-05-31 12:27] [ALPM] installed msys2-launcher-git (0.3.32.56c2ba7-2)
[2018-05-31 12:27] [ALPM] installed gnupg (1.4.22-3)
[2018-05-31 12:27] [ALPM] installed pacman-mirrors (20180419-1)
[2018-05-31 12:27] [ALPM] installed which (2.21-2)
[2018-05-31 12:27] [ALPM] installed xz (5.2.3-1)
[2018-05-31 12:27] [ALPM] installed pacman (5.0.1-7)
[2018-05-31 12:27] [ALPM] installed libarchive (3.3.2-1)
[2018-05-31 12:27] [ALPM] installed libpcre16 (8.40-2)
[2018-05-31 12:27] [ALPM] installed libpcre32 (8.40-2)
[2018-05-31 12:27] [ALPM] installed libpcrecpp (8.40-2)
[2018-05-31 12:27] [ALPM] installed libpcreposix (8.40-2)
[2018-05-31 12:28] [ALPM] installed pcre (8.40-2)
[2018-05-31 12:28] [ALPM] installed pkgfile (17-1)
[2018-05-31 12:28] [ALPM-SCRIPTLET] ==> Run 'pkgfile --update' to initialize the database
[2018-05-31 12:28] [ALPM] installed libassuan (2.4.3-1)
[2018-05-31 12:28] [ALPM] installed libgpgme (1.6.0-1)
[2018-05-31 12:28] [ALPM] installed libutil-linux (2.26.2-1)
[2018-05-31 12:28] [ALPM] installed wget (1.19.4-1)
[2018-05-31 12:28] [ALPM] installed pactoys-git (r2.07ca37f-1)
[2018-05-31 12:28] [ALPM] installed pax-git (20161104.2-1)
[2018-05-31 12:28] [ALPM] installed rebase (4.4.2-1)
[2018-05-31 12:28] [ALPM] installed time (1.7-1)
[2018-05-31 12:28] [ALPM] installed ttyrec (1.0.8-1)
[2018-05-31 12:28] [ALPM] installed tzcode (2018.c-1)
[2018-05-31 12:28] [ALPM] installed util-linux (2.26.2-1)
[2018-05-31 12:28] [ALPM] transaction completed
[2018-10-01 10:02] [PACMAN] Running 'pacman --noconfirm -Syu'
[2018-10-01 10:02] [PACMAN] synchronizing package lists
[2018-10-01 10:02] [PACMAN] starting core system upgrade
[2018-10-01 10:02] [ALPM] transaction started
[2018-10-01 10:02] [ALPM] upgraded filesystem (2018.04-1 -> 2018.08-1)
[2018-10-01 10:02] [ALPM] upgraded msys2-runtime (2.10.0-2 -> 2.11.1-2)
[2018-10-01 10:02] [ALPM] upgraded mintty (1~2.8.5-1 -> 1~2.9.0-1)
[2018-10-01 10:02] [ALPM] upgraded pacman-mirrors (20180419-1 -> 20180604-2)
[2018-10-01 10:02] [ALPM] upgraded pacman (5.0.1-7 -> 5.1.1-2)
[2018-10-01 10:02] [ALPM] transaction completed
[2018-10-01 10:02] [PACMAN] Running 'pacman --noconfirm -Syu'
[2018-10-01 10:02] [PACMAN] synchronizing package lists
[2018-10-01 10:03] [PACMAN] starting core system upgrade
[2018-10-01 10:03] [PACMAN] starting full system upgrade
[2018-10-01 10:03] [ALPM] transaction started
[2018-10-01 10:03] [ALPM] upgraded bash-completion (2.8-1 -> 2.8-2)
[2018-10-01 10:03] [ALPM] upgraded gcc-libs (7.3.0-1 -> 7.3.0-3)
[2018-10-01 10:03] [ALPM] upgraded liblzma (5.2.3-1 -> 5.2.4-1)
[2018-10-01 10:03] [ALPM] installed liblz4 (1.8.2-1)
[2018-10-01 10:03] [ALPM] upgraded liblzo2 (2.10-1 -> 2.10-2)
[2018-10-01 10:03] [ALPM] installed libhogweed (3.4-1)
[2018-10-01 10:03] [ALPM] upgraded libnettle (3.3-1 -> 3.4-1)
[2018-10-01 10:03] [ALPM] upgraded coreutils (8.26-3 -> 8.30-1)
[2018-10-01 10:03] [ALPM] upgraded icu (60.2-1 -> 62.1-1)
[2018-10-01 10:04] [ALPM] upgraded ncurses (6.1.20180526-1 -> 6.1.20180908-1)
[2018-10-01 10:04] [ALPM] upgraded libreadline (7.0.003-2 -> 7.0.005-1)
[2018-10-01 10:04] [ALPM] upgraded libxml2 (2.9.7-2 -> 2.9.8-1)
[2018-10-01 10:04] [ALPM] upgraded bsdcpio (3.3.2-1 -> 3.3.3-3)
[2018-10-01 10:04] [ALPM] upgraded bsdtar (3.3.2-1 -> 3.3.3-3)
[2018-10-01 10:04] [ALPM] installed brotli (1.0.5-2)
[2018-10-01 10:04] [ALPM] upgraded libcrypt (2.1-1 -> 2.1-2)
[2018-10-01 10:04] [ALPM] upgraded libsqlite (3.21.0-2 -> 3.21.0-4)
[2018-10-01 10:04] [ALPM] upgraded libopenssl (1.0.2.m-1 -> 1.0.2.p-2)
[2018-10-01 10:04] [ALPM] upgraded heimdal-libs (1.5.3-9 -> 7.5.0-2)
[2018-10-01 10:04] [ALPM] upgraded libpcre (8.40-2 -> 8.42-1)
[2018-10-01 10:04] [ALPM] upgraded less (529-1 -> 530-1)
[2018-10-01 10:04] [ALPM] upgraded info (6.3-1 -> 6.5-2)
[2018-10-01 10:04] [ALPM] upgraded libunistring (0.9.7-2 -> 0.9.10-1)
[2018-10-01 10:04] [ALPM] upgraded libidn2 (2.0.4-2 -> 2.0.5-1)
[2018-10-01 10:04] [ALPM] upgraded libgpg-error (1.27-1 -> 1.32-1)
[2018-10-01 10:04] [ALPM] upgraded libgcrypt (1.8.1-1 -> 1.8.3-2)
[2018-10-01 10:04] [ALPM] upgraded libpsl (0.19.1-1 -> 0.20.2-1)
[2018-10-01 10:04] [ALPM] upgraded openssl (1.0.2.m-1 -> 1.0.2.p-2)
[2018-10-01 10:04] [ALPM] upgraded sed (4.4-2 -> 4.5-1)
[2018-10-01 10:04] [ALPM] upgraded libffi (3.2.1-1 -> 3.2.1-3)
[2018-10-01 10:04] [ALPM] upgraded glib2 (2.48.2-1 -> 2.54.3-1)
[2018-10-01 10:04] [ALPM] upgraded libcurl (7.58.0-1 -> 7.61.0-2)
[2018-10-01 10:04] [ALPM] upgraded curl (7.58.0-1 -> 7.61.0-2)
[2018-10-01 10:04] [ALPM] upgraded grep (3.0-1 -> 3.1-1)
[2018-10-01 10:04] [ALPM] upgraded dash (0.5.9.1-1 -> 0.5.10.2-1)
[2018-10-01 10:04] [ALPM] upgraded dtc (1.4.4-1 -> 1.4.7-1)
[2018-10-01 10:04] [ALPM] upgraded file (5.33-1 -> 5.34-1)
[2018-10-01 10:04] [ALPM] upgraded gawk (4.2.0-1 -> 4.2.1-1)
[2018-10-01 10:04] [ALPM] upgraded libassuan (2.4.3-1 -> 2.5.1-1)
[2018-10-01 10:04] [ALPM] installed libgnutls (3.6.3-1)
[2018-10-01 10:04] [ALPM] installed libksba (1.3.5-1)
[2018-10-01 10:04] [ALPM] installed libnpth (1.6-1)
[2018-10-01 10:04] [ALPM] installed nettle (3.4-1)
[2018-10-01 10:04] [ALPM] installed pinentry (1.1.0-2)
[2018-10-01 10:04] [ALPM] upgraded gnupg (1.4.22-3 -> 2.2.9-1)
[2018-10-01 10:04] [ALPM-SCRIPTLET] ==> Appending keys from msys2.gpg...
[2018-10-01 10:04] [ALPM-SCRIPTLET] gpg: Warning: using insecure memory!
[2018-10-01 10:04] [ALPM-SCRIPTLET] gpg: starting migration from earlier GnuPG versions
[2018-10-01 10:04] [ALPM-SCRIPTLET] gpg: porting secret keys from '/etc/pacman.d/gnupg/secring.gpg' to gpg-agent
[2018-10-01 10:04] [ALPM-SCRIPTLET] gpg: migration succeeded
[2018-10-01 10:04] [ALPM-SCRIPTLET] ==> Locally signing trusted keys in keyring...
[2018-10-01 10:04] [ALPM-SCRIPTLET]   -> Locally signing key D55E7A6D7CE9BA1587C0ACACF40D263ECA25678A...
[2018-10-01 10:04] [ALPM-SCRIPTLET]   -> Locally signing key 123D4D51A1793859C2BE916BBBE514E53E0D0813...
[2018-10-01 10:04] [ALPM-SCRIPTLET]   -> Locally signing key B91BCF3303284BF90CC043CA9F418C233E652008...
[2018-10-01 10:04] [ALPM-SCRIPTLET]   -> Locally signing key 9DD0D4217D75A33B896159E6DA7EF2ABAEEA755C...
[2018-10-01 10:04] [ALPM-SCRIPTLET] ==> Importing owner trust values...
[2018-10-01 10:04] [ALPM-SCRIPTLET] gpg: Warning: using insecure memory!
[2018-10-01 10:04] [ALPM-SCRIPTLET] ==> Updating trust database...
[2018-10-01 10:04] [ALPM-SCRIPTLET] gpg: Warning: using insecure memory!
[2018-10-01 10:04] [ALPM-SCRIPTLET] gpg: no need for a trustdb check
[2018-10-01 10:04] [ALPM] upgraded libarchive (3.3.2-1 -> 3.3.3-3)
[2018-10-01 10:04] [ALPM] upgraded libgpgme (1.6.0-1 -> 1.11.1-1)
[2018-10-01 10:04] [ALPM] upgraded libpcre16 (8.40-2 -> 8.42-1)
[2018-10-01 10:04] [ALPM] upgraded libpcre32 (8.40-2 -> 8.42-1)
[2018-10-01 10:04] [ALPM] upgraded libpcrecpp (8.40-2 -> 8.42-1)
[2018-10-01 10:04] [ALPM] upgraded libpcreposix (8.40-2 -> 8.42-1)
[2018-10-01 10:04] [ALPM] upgraded m4 (1.4.18-1 -> 1.4.18-2)
[2018-10-01 10:04] [ALPM] upgraded pcre (8.40-2 -> 8.42-1)
[2018-10-01 10:04] [ALPM] upgraded rebase (4.4.2-1 -> 4.4.4-1)
[2018-10-01 10:04] [ALPM] upgraded time (1.7-1 -> 1.9-1)
[2018-10-01 10:04] [ALPM] upgraded ttyrec (1.0.8-1 -> 1.0.8-2)
[2018-10-01 10:04] [ALPM] upgraded wget (1.19.4-1 -> 1.19.5-1)
[2018-10-01 10:04] [ALPM] upgraded xz (5.2.3-1 -> 5.2.4-1)
[2018-10-01 10:04] [ALPM] transaction completed
[2018-10-01 10:04] [PACMAN] Running 'pacman --noconfirm -S --needed gettext-devel gcc git make ncurses-devel flex bison gperf vim mingw-w64-i686-python2-pip mingw-w64-i686-python2-cryptography unzip winpty'
[2018-10-01 10:06] [ALPM] transaction started
[2018-10-01 10:06] [ALPM] installed libiconv-devel (1.15-1)
[2018-10-01 10:06] [ALPM] installed gettext-devel (0.19.8.1-1)
[2018-10-01 10:06] [ALPM] installed binutils (2.30-1)
[2018-10-01 10:06] [ALPM] installed isl (0.19-1)
[2018-10-01 10:06] [ALPM] installed mpc (1.1.0-1)
[2018-10-01 10:06] [ALPM] installed msys2-runtime-devel (2.11.1-2)
[2018-10-01 10:06] [ALPM] installed msys2-w32api-headers (6.0.0.5223.7f9d8753-1)
[2018-10-01 10:06] [ALPM] installed msys2-w32api-runtime (6.0.0.5223.7f9d8753-1)
[2018-10-01 10:06] [ALPM] installed windows-default-manifest (6.4-1)
[2018-10-01 10:06] [ALPM] installed gcc (7.3.0-3)
[2018-10-01 10:06] [ALPM] installed expat (2.2.5-1)
[2018-10-01 10:06] [ALPM] installed libpcre2_8 (10.31-1)
[2018-10-01 10:06] [ALPM] installed vim (8.1.0022-1)
[2018-10-01 10:06] [ALPM] installed heimdal (7.5.0-2)
[2018-10-01 10:06] [ALPM] installed openssh (7.6p1-2)
[2018-10-01 10:06] [ALPM] installed db (5.3.28-2)
[2018-10-01 10:06] [ALPM] installed libgdbm (1.18-1)
[2018-10-01 10:06] [ALPM] installed gdbm (1.18-1)
[2018-10-01 10:07] [ALPM] installed perl (5.28.0-1)
[2018-10-01 10:07] [ALPM] installed perl-Error (0.17026-1)
[2018-10-01 10:07] [ALPM] installed perl-Authen-SASL (2.16-2)
[2018-10-01 10:07] [ALPM] installed perl-Encode-Locale (1.05-1)
[2018-10-01 10:07] [ALPM] installed perl-HTTP-Date (6.02-2)
[2018-10-01 10:07] [ALPM] installed perl-File-Listing (6.04-2)
[2018-10-01 10:07] [ALPM] installed perl-HTML-Tagset (3.20-2)
[2018-10-01 10:07] [ALPM] installed perl-HTML-Parser (3.72-3)
[2018-10-01 10:07] [ALPM] installed perl-LWP-MediaTypes (6.02-2)
[2018-10-01 10:07] [ALPM] installed perl-URI (1.74-1)
[2018-10-01 10:07] [ALPM] installed perl-HTTP-Message (6.18-1)
[2018-10-01 10:07] [ALPM] installed perl-HTTP-Cookies (6.04-1)
[2018-10-01 10:07] [ALPM] installed perl-HTTP-Daemon (6.01-2)
[2018-10-01 10:07] [ALPM] installed perl-HTTP-Negotiate (6.01-2)
[2018-10-01 10:07] [ALPM] installed perl-Net-HTTP (6.18-1)
[2018-10-01 10:07] [ALPM] installed perl-WWW-RobotRules (6.02-2)
[2018-10-01 10:07] [ALPM] installed perl-Try-Tiny (0.30-1)
[2018-10-01 10:07] [ALPM] installed perl-libwww (6.33-1)
[2018-10-01 10:07] [ALPM] installed perl-TimeDate (2.30-2)
[2018-10-01 10:07] [ALPM] installed perl-MailTools (2.20-1)
[2018-10-01 10:07] [ALPM] installed perl-IO-stringy (2.111-1)
[2018-10-01 10:07] [ALPM] installed perl-Convert-BinHex (1.125-1)
[2018-10-01 10:07] [ALPM-SCRIPTLET] module test... pass.
[2018-10-01 10:07] [ALPM] installed perl-MIME-tools (5.509-1)
[2018-10-01 10:07] [ALPM] installed perl-Net-SSLeay (1.85-1)
[2018-10-01 10:07] [ALPM] installed perl-IO-Socket-SSL (2.056-1)
[2018-10-01 10:07] [ALPM] installed perl-Net-SMTP-SSL (1.04-1)
[2018-10-01 10:07] [ALPM] installed perl-TermReadKey (2.37-3)
[2018-10-01 10:07] [ALPM] installed git (2.19.0-1)
[2018-10-01 10:07] [ALPM] installed make (4.2.1-1)
[2018-10-01 10:07] [ALPM] installed ncurses-devel (6.1.20180908-1)
[2018-10-01 10:07] [ALPM] installed bison (3.0.5-1)
[2018-10-01 10:07] [ALPM] installed gperf (3.1-1)
[2018-10-01 10:07] [ALPM] installed mingw-w64-i686-gmp (6.1.2-1)
[2018-10-01 10:07] [ALPM] installed mingw-w64-i686-mpfr (4.0.1-2)
[2018-10-01 10:07] [ALPM] installed mingw-w64-i686-mpc (1.1.0-1)
[2018-10-01 10:07] [ALPM] installed mingw-w64-i686-libwinpthread-git (7.0.0.5231.7da6518b-1)
[2018-10-01 10:07] [ALPM] installed mingw-w64-i686-gcc-libs (7.3.0-2)
[2018-10-01 10:07] [ALPM] installed mingw-w64-i686-expat (2.2.6-1)
[2018-10-01 10:07] [ALPM] installed mingw-w64-i686-bzip2 (1.0.6-6)
[2018-10-01 10:07] [ALPM] installed mingw-w64-i686-libffi (3.2.1-4)
[2018-10-01 10:07] [ALPM] installed mingw-w64-i686-libiconv (1.15-3)
[2018-10-01 10:07] [ALPM] installed mingw-w64-i686-gettext (0.19.8.1-5)
[2018-10-01 10:07] [ALPM] installed mingw-w64-i686-libtre-git (r128.6fb7206-2)
[2018-10-01 10:07] [ALPM] installed mingw-w64-i686-libsystre (1.0.1-4)
[2018-10-01 10:07] [ALPM] installed mingw-w64-i686-ncurses (6.1.20180908-1)
[2018-10-01 10:07] [ALPM] installed mingw-w64-i686-libtasn1 (4.13-1)
[2018-10-01 10:07] [ALPM] installed mingw-w64-i686-p11-kit (0.23.14-1)
[2018-10-01 10:07] [ALPM] installed mingw-w64-i686-ca-certificates (20170211-2)
[2018-10-01 10:07] [ALPM] installed mingw-w64-i686-zlib (1.2.11-4)
[2018-10-01 10:07] [ALPM] installed mingw-w64-i686-openssl (1.1.1-4)
[2018-10-01 10:07] [ALPM] installed mingw-w64-i686-termcap (1.3.1-3)
[2018-10-01 10:07] [ALPM] installed mingw-w64-i686-readline (7.0.005-1)
[2018-10-01 10:07] [ALPM] installed mingw-w64-i686-tcl (8.6.8-1)
[2018-10-01 10:07] [ALPM] installed mingw-w64-i686-tk (8.6.8-1)
[2018-10-01 10:07] [ALPM] installed mingw-w64-i686-python2 (2.7.15-2)
[2018-10-01 10:07] [ALPM] installed mingw-w64-i686-python2-setuptools (40.4.3-1)
[2018-10-01 10:07] [ALPM] installed mingw-w64-i686-python2-appdirs (1.4.3-3)
[2018-10-01 10:07] [ALPM] installed mingw-w64-i686-python2-msgpack (0.5.6-1)
[2018-10-01 10:07] [ALPM] installed mingw-w64-i686-python2-certifi (2018.8.24-1)
[2018-10-01 10:07] [ALPM] installed mingw-w64-i686-python2-idna (2.7-2)
[2018-10-01 10:07] [ALPM] installed mingw-w64-i686-python2-urllib3 (1.23-2)
[2018-10-01 10:07] [ALPM] installed mingw-w64-i686-python2-chardet (3.0.4-2)
[2018-10-01 10:07] [ALPM] installed mingw-w64-i686-python2-requests (2.19.1-3)
[2018-10-01 10:07] [ALPM] installed mingw-w64-i686-python2-cachecontrol (0.12.5-1)
[2018-10-01 10:07] [ALPM-SCRIPTLET] /
[2018-10-01 10:07] [ALPM] installed mingw-w64-i686-python2-colorama (0.3.9-3)
[2018-10-01 10:07] [ALPM] installed mingw-w64-i686-python2-distlib (0.2.7-1)
[2018-10-01 10:07] [ALPM] installed mingw-w64-i686-python2-six (1.11.0-2)
[2018-10-01 10:07] [ALPM] installed mingw-w64-i686-python2-webencodings (0.5.1-3)
[2018-10-01 10:08] [ALPM] installed mingw-w64-i686-python2-html5lib (1.0.1-3)
[2018-10-01 10:08] [ALPM] installed mingw-w64-i686-python2-lockfile (0.12.2-1)
[2018-10-01 10:08] [ALPM] installed mingw-w64-i686-python2-pyparsing (2.2.0-3)
[2018-10-01 10:08] [ALPM] installed mingw-w64-i686-python2-packaging (17.1-1)
[2018-10-01 10:08] [ALPM] installed mingw-w64-i686-python2-progress (1.4-3)
[2018-10-01 10:08] [ALPM] installed mingw-w64-i686-python2-pytoml (0.1.19-1)
[2018-10-01 10:08] [ALPM] installed mingw-w64-i686-python2-retrying (1.3.3-1)
[2018-10-01 10:08] [ALPM] installed mingw-w64-i686-python2-ipaddress (1.0.22-1)
[2018-10-01 10:08] [ALPM] installed mingw-w64-i686-python2-pip (18.0-2)
[2018-10-01 10:08] [ALPM-SCRIPTLET] /
[2018-10-01 10:08] [ALPM] installed mingw-w64-i686-python2-ply (3.11-2)
[2018-10-01 10:08] [ALPM] installed mingw-w64-i686-python2-pycparser (2.19-1)
[2018-10-01 10:08] [ALPM] installed mingw-w64-i686-python2-cffi (1.11.5-2)
[2018-10-01 10:08] [ALPM] installed mingw-w64-i686-python2-pyasn1 (0.4.4-1)
[2018-10-01 10:08] [ALPM] installed mingw-w64-i686-python2-asn1crypto (0.24.0-2)
[2018-10-01 10:08] [ALPM] installed mingw-w64-i686-python2-cryptography (2.3.1-1)
[2018-10-01 10:08] [ALPM] installed unzip (6.0-2)
[2018-10-01 10:08] [ALPM] installed winpty (0.4.3-1)
[2018-10-01 10:08] [ALPM] transaction completed
[2018-10-01 10:08] [PACMAN] Running 'pacman --noconfirm -Scc'
